 09:21:04.65 
 09:21:04.65 Welcome to the Bitnami spark container
 09:21:04.65 Subscribe to project updates by watching https://github.com/bitnami/bitnami-docker-spark
 09:21:04.65 Submit issues and feature requests at https://github.com/bitnami/bitnami-docker-spark/issues
 09:21:04.65 
 09:21:04.67 INFO  ==> ** Starting Spark setup **
realpath: /bitnami/spark/conf: No such file or directory
 09:21:04.73 INFO  ==> Generating Spark configuration file...
 09:21:05.07 INFO  ==> ** Spark setup finished! **
 09:21:05.10 INFO  ==> ** Starting Spark in master mode **
Spark Command: /opt/bitnami/java/bin/java -cp /opt/bitnami/spark/conf/:/opt/bitnami/spark/jars/* -Xmx1g org.apache.spark.deploy.master.Master --host 100788d0fbd7 --port 7077 --webui-port 8080
========================================
Using Spark's default log4j profile: org/apache/spark/log4j-defaults.properties
22/11/17 09:21:07 INFO Master: Started daemon with process name: 40@100788d0fbd7
22/11/17 09:21:07 INFO SignalUtils: Registering signal handler for TERM
22/11/17 09:21:07 INFO SignalUtils: Registering signal handler for HUP
22/11/17 09:21:07 INFO SignalUtils: Registering signal handler for INT
22/11/17 09:21:08 WARN NativeCodeLoader: Unable to load native-hadoop library for your platform... using builtin-java classes where applicable
22/11/17 09:21:08 INFO SecurityManager: Changing view acls to: spark
22/11/17 09:21:08 INFO SecurityManager: Changing modify acls to: spark
22/11/17 09:21:08 INFO SecurityManager: Changing view acls groups to: 
22/11/17 09:21:08 INFO SecurityManager: Changing modify acls groups to: 
22/11/17 09:21:08 INFO SecurityManager: SecurityManager: authentication disabled; ui acls disabled; users  with view permissions: Set(spark); groups with view permissions: Set(); users  with modify permissions: Set(spark); groups with modify permissions: Set()
22/11/17 09:21:09 INFO Utils: Successfully started service 'sparkMaster' on port 7077.
22/11/17 09:21:09 INFO Master: Starting Spark master at spark://100788d0fbd7:7077
22/11/17 09:21:09 INFO Master: Running Spark version 3.2.1
22/11/17 09:21:09 INFO Utils: Successfully started service 'MasterUI' on port 8080.
22/11/17 09:21:09 INFO MasterWebUI: Bound MasterWebUI to 0.0.0.0, and started at http://100788d0fbd7:8080
22/11/17 09:21:09 INFO Master: I have been elected leader! New state: ALIVE

starting org.apache.spark.deploy.master.Master, logging to /opt/bitnami/spark/logs/spark--org.apache.spark.deploy.master.Master-1-100788d0fbd7.out
22/11/17 09:21:12 INFO Master: Registering worker 172.23.0.2:38421 with 1 cores, 1024.0 MiB RAM